ARM GAS  /tmp/ccENGwcV.s 			page 1


   1              		.cpu cortex-m4
   2              		.eabi_attribute 27, 1
   3              		.eabi_attribute 28, 1
   4              		.eabi_attribute 20, 1
   5              		.eabi_attribute 21, 1
   6              		.eabi_attribute 23, 3
   7              		.eabi_attribute 24, 1
   8              		.eabi_attribute 25, 1
   9              		.eabi_attribute 26, 1
  10              		.eabi_attribute 30, 1
  11              		.eabi_attribute 34, 1
  12              		.eabi_attribute 18, 4
  13              		.file	"a4988.cpp"
  14              		.text
  15              	.Ltext0:
  16              		.cfi_sections	.debug_frame
  17              		.section	.text._ZN5a498818A4988_setDirectionEm,"ax",%progbits
  18              		.align	1
  19              		.global	_ZN5a498818A4988_setDirectionEm
  20              		.arch armv7e-m
  21              		.syntax unified
  22              		.thumb
  23              		.thumb_func
  24              		.fpu fpv4-sp-d16
  26              	_ZN5a498818A4988_setDirectionEm:
  27              	.LVL0:
  28              	.LFB138:
  29              		.file 1 "Core/Src/devs/a4988.cpp"
   1:Core/Src/devs/a4988.cpp **** 
   2:Core/Src/devs/a4988.cpp **** #include "a4988.h"
   3:Core/Src/devs/a4988.cpp **** 
   4:Core/Src/devs/a4988.cpp **** void a4988::A4988_setDirection(uint32_t dir)
   5:Core/Src/devs/a4988.cpp **** {
  30              		.loc 1 5 1 view -0
  31              		.cfi_startproc
  32              		@ args = 0, pretend = 0, frame = 0
  33              		@ frame_needed = 0, uses_anonymous_args = 0
  34              		.loc 1 5 1 is_stmt 0 view .LVU1
  35 0000 08B5     		push	{r3, lr}
  36              	.LCFI0:
  37              		.cfi_def_cfa_offset 8
  38              		.cfi_offset 3, -8
  39              		.cfi_offset 14, -4
   6:Core/Src/devs/a4988.cpp ****         if (dir) {
  40              		.loc 1 6 9 is_stmt 1 view .LVU2
  41 0002 31B1     		cbz	r1, .L2
   7:Core/Src/devs/a4988.cpp ****                 HAL_GPIO_WritePin(stepper_->dir_port, stepper_->dir_pin, GPIO_PIN_SET);
  42              		.loc 1 7 17 view .LVU3
  43              		.loc 1 7 35 is_stmt 0 view .LVU4
  44 0004 0368     		ldr	r3, [r0]
  45              		.loc 1 7 34 view .LVU5
  46 0006 0122     		movs	r2, #1
  47 0008 9989     		ldrh	r1, [r3, #12]
  48              	.LVL1:
  49              		.loc 1 7 34 view .LVU6
  50 000a 5868     		ldr	r0, [r3, #4]
  51              	.LVL2:
ARM GAS  /tmp/ccENGwcV.s 			page 2


  52              		.loc 1 7 34 view .LVU7
  53 000c FFF7FEFF 		bl	HAL_GPIO_WritePin
  54              	.LVL3:
  55              	.L1:
   8:Core/Src/devs/a4988.cpp ****         }
   9:Core/Src/devs/a4988.cpp ****         else {
  10:Core/Src/devs/a4988.cpp ****                 HAL_GPIO_WritePin(stepper_->dir_port, stepper_->dir_pin, GPIO_PIN_RESET);
  11:Core/Src/devs/a4988.cpp ****         }
  12:Core/Src/devs/a4988.cpp **** }
  56              		.loc 1 12 1 view .LVU8
  57 0010 08BD     		pop	{r3, pc}
  58              	.LVL4:
  59              	.L2:
  10:Core/Src/devs/a4988.cpp ****         }
  60              		.loc 1 10 17 is_stmt 1 view .LVU9
  10:Core/Src/devs/a4988.cpp ****         }
  61              		.loc 1 10 35 is_stmt 0 view .LVU10
  62 0012 0368     		ldr	r3, [r0]
  10:Core/Src/devs/a4988.cpp ****         }
  63              		.loc 1 10 34 view .LVU11
  64 0014 0022     		movs	r2, #0
  65 0016 9989     		ldrh	r1, [r3, #12]
  66              	.LVL5:
  10:Core/Src/devs/a4988.cpp ****         }
  67              		.loc 1 10 34 view .LVU12
  68 0018 5868     		ldr	r0, [r3, #4]
  69              	.LVL6:
  10:Core/Src/devs/a4988.cpp ****         }
  70              		.loc 1 10 34 view .LVU13
  71 001a FFF7FEFF 		bl	HAL_GPIO_WritePin
  72              	.LVL7:
  73              		.loc 1 12 1 view .LVU14
  74 001e F7E7     		b	.L1
  75              		.cfi_endproc
  76              	.LFE138:
  78              		.section	.text._ZN5a498821A4988_toggleDirectionEv,"ax",%progbits
  79              		.align	1
  80              		.global	_ZN5a498821A4988_toggleDirectionEv
  81              		.syntax unified
  82              		.thumb
  83              		.thumb_func
  84              		.fpu fpv4-sp-d16
  86              	_ZN5a498821A4988_toggleDirectionEv:
  87              	.LVL8:
  88              	.LFB139:
  13:Core/Src/devs/a4988.cpp **** 
  14:Core/Src/devs/a4988.cpp **** void a4988:: A4988_toggleDirection()
  15:Core/Src/devs/a4988.cpp **** {
  89              		.loc 1 15 1 is_stmt 1 view -0
  90              		.cfi_startproc
  91              		@ args = 0, pretend = 0, frame = 0
  92              		@ frame_needed = 0, uses_anonymous_args = 0
  93              		.loc 1 15 1 is_stmt 0 view .LVU16
  94 0000 08B5     		push	{r3, lr}
  95              	.LCFI1:
  96              		.cfi_def_cfa_offset 8
  97              		.cfi_offset 3, -8
ARM GAS  /tmp/ccENGwcV.s 			page 3


  98              		.cfi_offset 14, -4
  16:Core/Src/devs/a4988.cpp ****         HAL_GPIO_TogglePin(stepper_->dir_port, stepper_->dir_pin);
  99              		.loc 1 16 9 is_stmt 1 view .LVU17
 100              		.loc 1 16 28 is_stmt 0 view .LVU18
 101 0002 0368     		ldr	r3, [r0]
 102              		.loc 1 16 27 view .LVU19
 103 0004 9989     		ldrh	r1, [r3, #12]
 104 0006 5868     		ldr	r0, [r3, #4]
 105              	.LVL9:
 106              		.loc 1 16 27 view .LVU20
 107 0008 FFF7FEFF 		bl	HAL_GPIO_TogglePin
 108              	.LVL10:
  17:Core/Src/devs/a4988.cpp **** }
 109              		.loc 1 17 1 view .LVU21
 110 000c 08BD     		pop	{r3, pc}
 111              		.cfi_endproc
 112              	.LFE139:
 114              		.section	.text._ZN5a498810A4988_stepEv,"ax",%progbits
 115              		.align	1
 116              		.global	_ZN5a498810A4988_stepEv
 117              		.syntax unified
 118              		.thumb
 119              		.thumb_func
 120              		.fpu fpv4-sp-d16
 122              	_ZN5a498810A4988_stepEv:
 123              	.LVL11:
 124              	.LFB140:
  18:Core/Src/devs/a4988.cpp **** 
  19:Core/Src/devs/a4988.cpp **** void a4988::A4988_step()
  20:Core/Src/devs/a4988.cpp **** {
 125              		.loc 1 20 1 is_stmt 1 view -0
 126              		.cfi_startproc
 127              		@ args = 0, pretend = 0, frame = 0
 128              		@ frame_needed = 0, uses_anonymous_args = 0
 129              		.loc 1 20 1 is_stmt 0 view .LVU23
 130 0000 38B5     		push	{r3, r4, r5, lr}
 131              	.LCFI2:
 132              		.cfi_def_cfa_offset 16
 133              		.cfi_offset 3, -16
 134              		.cfi_offset 4, -12
 135              		.cfi_offset 5, -8
 136              		.cfi_offset 14, -4
 137 0002 0546     		mov	r5, r0
  21:Core/Src/devs/a4988.cpp ****        /* HAL_GPIO_WritePin(stepper->step_port, stepper->step_pin, GPIO_PIN_RESET);
  22:Core/Src/devs/a4988.cpp ****         asm volatile("nop");
  23:Core/Src/devs/a4988.cpp ****         asm volatile("nop");
  24:Core/Src/devs/a4988.cpp ****         HAL_GPIO_WritePin(stepper->step_port, stepper->step_pin, GPIO_PIN_SET);
  25:Core/Src/devs/a4988.cpp ****         for (uint32_t i = 0; i < 10; ++i) {
  26:Core/Src/devs/a4988.cpp ****                 asm volatile("nop");
  27:Core/Src/devs/a4988.cpp ****         }
  28:Core/Src/devs/a4988.cpp ****         HAL_GPIO_WritePin(stepper->step_port, stepper->step_pin, GPIO_PIN_RESET);
  29:Core/Src/devs/a4988.cpp ****         asm volatile("nop");
  30:Core/Src/devs/a4988.cpp ****         asm volatile("nop");*/
  31:Core/Src/devs/a4988.cpp ****         for(int i=0;i<stepper_->steps_per_rev;i++)
 138              		.loc 1 31 9 is_stmt 1 view .LVU24
 139              	.LVL12:
 140              	.LBB2:
ARM GAS  /tmp/ccENGwcV.s 			page 4


 141              		.loc 1 31 17 is_stmt 0 view .LVU25
 142 0004 0024     		movs	r4, #0
 143 0006 11E0     		b	.L9
 144              	.LVL13:
 145              	.L11:
  32:Core/Src/devs/a4988.cpp ****         {
  33:Core/Src/devs/a4988.cpp ****               HAL_GPIO_WritePin(stepper_->step_port, stepper_->step_pin, GPIO_PIN_SET);
 146              		.loc 1 33 15 is_stmt 1 discriminator 2 view .LVU26
 147              		.loc 1 33 32 is_stmt 0 discriminator 2 view .LVU27
 148 0008 0122     		movs	r2, #1
 149 000a 198A     		ldrh	r1, [r3, #16]
 150 000c 9868     		ldr	r0, [r3, #8]
 151 000e FFF7FEFF 		bl	HAL_GPIO_WritePin
 152              	.LVL14:
  34:Core/Src/devs/a4988.cpp ****               HAL_Delay(0.1);
 153              		.loc 1 34 15 is_stmt 1 discriminator 2 view .LVU28
 154              		.loc 1 34 24 is_stmt 0 discriminator 2 view .LVU29
 155 0012 0020     		movs	r0, #0
 156 0014 FFF7FEFF 		bl	HAL_Delay
 157              	.LVL15:
  35:Core/Src/devs/a4988.cpp ****               HAL_GPIO_WritePin(stepper_->step_port, stepper_->step_pin, GPIO_PIN_RESET);
 158              		.loc 1 35 15 is_stmt 1 discriminator 2 view .LVU30
 159              		.loc 1 35 33 is_stmt 0 discriminator 2 view .LVU31
 160 0018 2B68     		ldr	r3, [r5]
 161              		.loc 1 35 32 discriminator 2 view .LVU32
 162 001a 0022     		movs	r2, #0
 163 001c 198A     		ldrh	r1, [r3, #16]
 164 001e 9868     		ldr	r0, [r3, #8]
 165 0020 FFF7FEFF 		bl	HAL_GPIO_WritePin
 166              	.LVL16:
  36:Core/Src/devs/a4988.cpp ****               HAL_Delay(0.1);           
 167              		.loc 1 36 15 is_stmt 1 discriminator 2 view .LVU33
 168              		.loc 1 36 24 is_stmt 0 discriminator 2 view .LVU34
 169 0024 0020     		movs	r0, #0
 170 0026 FFF7FEFF 		bl	HAL_Delay
 171              	.LVL17:
  31:Core/Src/devs/a4988.cpp ****         {
 172              		.loc 1 31 9 is_stmt 1 discriminator 2 view .LVU35
 173 002a 0134     		adds	r4, r4, #1
 174              	.LVL18:
 175              	.L9:
  31:Core/Src/devs/a4988.cpp ****         {
 176              		.loc 1 31 22 discriminator 3 view .LVU36
  31:Core/Src/devs/a4988.cpp ****         {
 177              		.loc 1 31 23 is_stmt 0 discriminator 3 view .LVU37
 178 002c 2B68     		ldr	r3, [r5]
  31:Core/Src/devs/a4988.cpp ****         {
 179              		.loc 1 31 33 discriminator 3 view .LVU38
 180 002e 1A68     		ldr	r2, [r3]
  31:Core/Src/devs/a4988.cpp ****         {
 181              		.loc 1 31 22 discriminator 3 view .LVU39
 182 0030 A242     		cmp	r2, r4
 183 0032 E9D8     		bhi	.L11
 184              	.LBE2:
  37:Core/Src/devs/a4988.cpp ****         }
  38:Core/Src/devs/a4988.cpp **** }
 185              		.loc 1 38 1 view .LVU40
ARM GAS  /tmp/ccENGwcV.s 			page 5


 186 0034 38BD     		pop	{r3, r4, r5, pc}
 187              		.loc 1 38 1 view .LVU41
 188              		.cfi_endproc
 189              	.LFE140:
 191              		.section	.text._ZN5a498810A4988_stopEv,"ax",%progbits
 192              		.align	1
 193              		.global	_ZN5a498810A4988_stopEv
 194              		.syntax unified
 195              		.thumb
 196              		.thumb_func
 197              		.fpu fpv4-sp-d16
 199              	_ZN5a498810A4988_stopEv:
 200              	.LVL19:
 201              	.LFB141:
  39:Core/Src/devs/a4988.cpp **** void a4988::A4988_stop()
  40:Core/Src/devs/a4988.cpp **** {
 202              		.loc 1 40 1 is_stmt 1 view -0
 203              		.cfi_startproc
 204              		@ args = 0, pretend = 0, frame = 0
 205              		@ frame_needed = 0, uses_anonymous_args = 0
 206              		.loc 1 40 1 is_stmt 0 view .LVU43
 207 0000 08B5     		push	{r3, lr}
 208              	.LCFI3:
 209              		.cfi_def_cfa_offset 8
 210              		.cfi_offset 3, -8
 211              		.cfi_offset 14, -4
  41:Core/Src/devs/a4988.cpp **** HAL_GPIO_WritePin(stepper_->step_port, stepper_->step_pin, GPIO_PIN_RESET);
 212              		.loc 1 41 1 is_stmt 1 view .LVU44
 213              		.loc 1 41 19 is_stmt 0 view .LVU45
 214 0002 0368     		ldr	r3, [r0]
 215              		.loc 1 41 18 view .LVU46
 216 0004 0022     		movs	r2, #0
 217 0006 198A     		ldrh	r1, [r3, #16]
 218 0008 9868     		ldr	r0, [r3, #8]
 219              	.LVL20:
 220              		.loc 1 41 18 view .LVU47
 221 000a FFF7FEFF 		bl	HAL_GPIO_WritePin
 222              	.LVL21:
  42:Core/Src/devs/a4988.cpp **** 
  43:Core/Src/devs/a4988.cpp **** }
 223              		.loc 1 43 1 view .LVU48
 224 000e 08BD     		pop	{r3, pc}
 225              		.cfi_endproc
 226              	.LFE141:
 228              		.section	.text._ZN5a498820update_stepperActionEv,"ax",%progbits
 229              		.align	1
 230              		.global	_ZN5a498820update_stepperActionEv
 231              		.syntax unified
 232              		.thumb
 233              		.thumb_func
 234              		.fpu fpv4-sp-d16
 236              	_ZN5a498820update_stepperActionEv:
 237              	.LVL22:
 238              	.LFB142:
  44:Core/Src/devs/a4988.cpp **** void a4988::update_stepperAction()
  45:Core/Src/devs/a4988.cpp **** {
 239              		.loc 1 45 1 is_stmt 1 view -0
ARM GAS  /tmp/ccENGwcV.s 			page 6


 240              		.cfi_startproc
 241              		@ args = 0, pretend = 0, frame = 0
 242              		@ frame_needed = 0, uses_anonymous_args = 0
 243              		.loc 1 45 1 is_stmt 0 view .LVU50
 244 0000 10B5     		push	{r4, lr}
 245              	.LCFI4:
 246              		.cfi_def_cfa_offset 8
 247              		.cfi_offset 4, -8
 248              		.cfi_offset 14, -4
 249 0002 0446     		mov	r4, r0
  46:Core/Src/devs/a4988.cpp ****  if(stepperActuate)
 250              		.loc 1 46 2 is_stmt 1 view .LVU51
 251              		.loc 1 46 5 is_stmt 0 view .LVU52
 252 0004 0379     		ldrb	r3, [r0, #4]	@ zero_extendqisi2
 253              		.loc 1 46 2 view .LVU53
 254 0006 6BB1     		cbz	r3, .L15
  47:Core/Src/devs/a4988.cpp ****    {  
  48:Core/Src/devs/a4988.cpp ****         if((HAL_GetTick()-dt)>5000)
 255              		.loc 1 48 9 is_stmt 1 view .LVU54
 256              		.loc 1 48 24 is_stmt 0 view .LVU55
 257 0008 FFF7FEFF 		bl	HAL_GetTick
 258              	.LVL23:
 259              		.loc 1 48 27 view .LVU56
 260 000c A368     		ldr	r3, [r4, #8]
 261              		.loc 1 48 26 view .LVU57
 262 000e C01A     		subs	r0, r0, r3
 263              		.loc 1 48 9 view .LVU58
 264 0010 41F28833 		movw	r3, #5000
 265 0014 9842     		cmp	r0, r3
 266 0016 01D9     		bls	.L16
  49:Core/Src/devs/a4988.cpp ****             stepperActuate=false;
 267              		.loc 1 49 13 is_stmt 1 view .LVU59
 268              		.loc 1 49 27 is_stmt 0 view .LVU60
 269 0018 0023     		movs	r3, #0
 270 001a 2371     		strb	r3, [r4, #4]
 271              	.L16:
  50:Core/Src/devs/a4988.cpp ****         A4988_step();
 272              		.loc 1 50 9 is_stmt 1 view .LVU61
 273              		.loc 1 50 19 is_stmt 0 view .LVU62
 274 001c 2046     		mov	r0, r4
 275 001e FFF7FEFF 		bl	_ZN5a498810A4988_stepEv
 276              	.LVL24:
 277              	.L14:
  51:Core/Src/devs/a4988.cpp ****    }
  52:Core/Src/devs/a4988.cpp ****  else
  53:Core/Src/devs/a4988.cpp ****    {
  54:Core/Src/devs/a4988.cpp ****      A4988_stop();
  55:Core/Src/devs/a4988.cpp ****      HAL_GPIO_WritePin(GPIOE,GPIO_PIN_13,GPIO_PIN_RESET);
  56:Core/Src/devs/a4988.cpp ****    }
  57:Core/Src/devs/a4988.cpp **** }...
 278              		.loc 1 57 1 view .LVU63
 279 0022 10BD     		pop	{r4, pc}
 280              	.LVL25:
 281              	.L15:
  54:Core/Src/devs/a4988.cpp ****      A4988_stop();
 282              		.loc 1 54 6 is_stmt 1 view .LVU64
  54:Core/Src/devs/a4988.cpp ****      A4988_stop();
ARM GAS  /tmp/ccENGwcV.s 			page 7


 283              		.loc 1 54 16 is_stmt 0 view .LVU65
 284 0024 FFF7FEFF 		bl	_ZN5a498810A4988_stopEv
 285              	.LVL26:
  55:Core/Src/devs/a4988.cpp ****      HAL_GPIO_WritePin(GPIOE,GPIO_PIN_13,GPIO_PIN_RESET);
 286              		.loc 1 55 6 is_stmt 1 view .LVU66
  55:Core/Src/devs/a4988.cpp ****      HAL_GPIO_WritePin(GPIOE,GPIO_PIN_13,GPIO_PIN_RESET);
 287              		.loc 1 55 23 is_stmt 0 view .LVU67
 288 0028 0022     		movs	r2, #0
 289 002a 4FF40051 		mov	r1, #8192
 290 002e 0248     		ldr	r0, .L19
 291 0030 FFF7FEFF 		bl	HAL_GPIO_WritePin
 292              	.LVL27:
 293              		.loc 1 57 1 view .LVU68
 294 0034 F5E7     		b	.L14
 295              	.L20:
 296 0036 00BF     		.align	2
 297              	.L19:
 298 0038 00100240 		.word	1073876992
 299              		.cfi_endproc
 300              	.LFE142:
 302              		.text
 303              	.Letext0:
 304              		.file 2 "/home/love/Documents/gcc-arm-none-eabi-10-2020-q4-major/arm-none-eabi/include/machine/_de
 305              		.file 3 "/home/love/Documents/gcc-arm-none-eabi-10-2020-q4-major/arm-none-eabi/include/sys/_stdint
 306              		.file 4 "Drivers/CMSIS/Device/ST/STM32F4xx/Include/stm32f407xx.h"
 307              		.file 5 "Drivers/STM32F4xx_HAL_Driver/Inc/stm32f4xx_hal_gpio.h"
 308              		.file 6 "Core/Inc/devs/a4988.h"
 309              		.file 7 "Drivers/STM32F4xx_HAL_Driver/Inc/stm32f4xx_hal.h"
ARM GAS  /tmp/ccENGwcV.s 			page 8


DEFINED SYMBOLS
                            *ABS*:0000000000000000 a4988.cpp
     /tmp/ccENGwcV.s:18     .text._ZN5a498818A4988_setDirectionEm:0000000000000000 $t
     /tmp/ccENGwcV.s:26     .text._ZN5a498818A4988_setDirectionEm:0000000000000000 _ZN5a498818A4988_setDirectionEm
     /tmp/ccENGwcV.s:79     .text._ZN5a498821A4988_toggleDirectionEv:0000000000000000 $t
     /tmp/ccENGwcV.s:86     .text._ZN5a498821A4988_toggleDirectionEv:0000000000000000 _ZN5a498821A4988_toggleDirectionEv
     /tmp/ccENGwcV.s:115    .text._ZN5a498810A4988_stepEv:0000000000000000 $t
     /tmp/ccENGwcV.s:122    .text._ZN5a498810A4988_stepEv:0000000000000000 _ZN5a498810A4988_stepEv
     /tmp/ccENGwcV.s:192    .text._ZN5a498810A4988_stopEv:0000000000000000 $t
     /tmp/ccENGwcV.s:199    .text._ZN5a498810A4988_stopEv:0000000000000000 _ZN5a498810A4988_stopEv
     /tmp/ccENGwcV.s:229    .text._ZN5a498820update_stepperActionEv:0000000000000000 $t
     /tmp/ccENGwcV.s:236    .text._ZN5a498820update_stepperActionEv:0000000000000000 _ZN5a498820update_stepperActionEv
     /tmp/ccENGwcV.s:298    .text._ZN5a498820update_stepperActionEv:0000000000000038 $d

UNDEFINED SYMBOLS
HAL_GPIO_WritePin
HAL_GPIO_TogglePin
HAL_Delay
HAL_GetTick
