ARM GAS  /tmp/ccLoV4x4.s 			page 1


   1              		.cpu cortex-m4
   2              		.eabi_attribute 27, 1
   3              		.eabi_attribute 28, 1
   4              		.eabi_attribute 20, 1
   5              		.eabi_attribute 21, 1
   6              		.eabi_attribute 23, 3
   7              		.eabi_attribute 24, 1
   8              		.eabi_attribute 25, 1
   9              		.eabi_attribute 26, 1
  10              		.eabi_attribute 30, 1
  11              		.eabi_attribute 34, 1
  12              		.eabi_attribute 18, 4
  13              		.file	"robot_operation.cpp"
  14              		.text
  15              	.Ltext0:
  16              		.cfi_sections	.debug_frame
  17              		.section	.text._Z9robo_playv,"ax",%progbits
  18              		.align	1
  19              		.global	_Z9robo_playv
  20              		.arch armv7e-m
  21              		.syntax unified
  22              		.thumb
  23              		.thumb_func
  24              		.fpu fpv4-sp-d16
  26              	_Z9robo_playv:
  27              	.LFB1707:
  28              		.file 1 "Core/Src/robot/robot_operation.cpp"
   1:Core/Src/robot/robot_operation.cpp **** #include "robot_operation.h"
   2:Core/Src/robot/robot_operation.cpp **** extern arm arm_;
   3:Core/Src/robot/robot_operation.cpp **** extern rotation_wheel rotation_wheel_;
   4:Core/Src/robot/robot_operation.cpp **** extern encoder e_joint[2];
   5:Core/Src/robot/robot_operation.cpp **** extern motor m_joint[2];
   6:Core/Src/robot/robot_operation.cpp **** //extern a4988 stepper;
   7:Core/Src/robot/robot_operation.cpp **** void robo_play()
   8:Core/Src/robot/robot_operation.cpp **** {
  29              		.loc 1 8 1 view -0
  30              		.cfi_startproc
  31              		@ Volatile: function does not return.
  32              		@ args = 0, pretend = 0, frame = 0
  33              		@ frame_needed = 0, uses_anonymous_args = 0
  34 0000 08B5     		push	{r3, lr}
  35              	.LCFI0:
  36              		.cfi_def_cfa_offset 8
  37              		.cfi_offset 3, -8
  38              		.cfi_offset 14, -4
  39              	.L2:
   9:Core/Src/robot/robot_operation.cpp ****  while(1)
  40              		.loc 1 9 2 discriminator 1 view .LVU1
  10:Core/Src/robot/robot_operation.cpp ****  {communication_init();
  41              		.loc 1 10 3 discriminator 1 view .LVU2
  42              		.loc 1 10 21 is_stmt 0 discriminator 1 view .LVU3
  43 0002 FFF7FEFF 		bl	_Z18communication_initv
  44              	.LVL0:
  11:Core/Src/robot/robot_operation.cpp ****   parse_joyData();
  45              		.loc 1 11 3 is_stmt 1 discriminator 1 view .LVU4
  46              		.loc 1 11 16 is_stmt 0 discriminator 1 view .LVU5
  47 0006 FFF7FEFF 		bl	_Z13parse_joyDatav
ARM GAS  /tmp/ccLoV4x4.s 			page 2


  48              	.LVL1:
  12:Core/Src/robot/robot_operation.cpp ****   rotation_wheel_.start_commands();
  49              		.loc 1 12 3 is_stmt 1 discriminator 1 view .LVU6
  50              		.loc 1 12 33 is_stmt 0 discriminator 1 view .LVU7
  51 000a 0348     		ldr	r0, .L4
  52 000c FFF7FEFF 		bl	_ZN14rotation_wheel14start_commandsEv
  53              	.LVL2:
  13:Core/Src/robot/robot_operation.cpp ****   arm_.start_commands();
  54              		.loc 1 13 3 is_stmt 1 discriminator 1 view .LVU8
  55              		.loc 1 13 22 is_stmt 0 discriminator 1 view .LVU9
  56 0010 0248     		ldr	r0, .L4+4
  57 0012 FFF7FEFF 		bl	_ZN3arm14start_commandsEv
  58              	.LVL3:
   9:Core/Src/robot/robot_operation.cpp ****  {communication_init();
  59              		.loc 1 9 2 is_stmt 1 discriminator 1 view .LVU10
  60 0016 F4E7     		b	.L2
  61              	.L5:
  62              		.align	2
  63              	.L4:
  64 0018 00000000 		.word	rotation_wheel_
  65 001c 00000000 		.word	arm_
  66              		.cfi_endproc
  67              	.LFE1707:
  69              		.text
  70              	.Letext0:
  71              		.file 2 "/home/love/Documents/gcc-arm-none-eabi-10-2020-q4-major/arm-none-eabi/include/machine/_de
  72              		.file 3 "/home/love/Documents/gcc-arm-none-eabi-10-2020-q4-major/arm-none-eabi/include/sys/_stdint
  73              		.file 4 "/home/love/Documents/gcc-arm-none-eabi-10-2020-q4-major/arm-none-eabi/include/stdint.h"
  74              		.file 5 "/home/love/Documents/gcc-arm-none-eabi-10-2020-q4-major/lib/gcc/arm-none-eabi/10.2.1/incl
  75              		.file 6 "/home/love/Documents/gcc-arm-none-eabi-10-2020-q4-major/arm-none-eabi/include/c++/10.2.1/
  76              		.file 7 "/home/love/Documents/gcc-arm-none-eabi-10-2020-q4-major/arm-none-eabi/include/c++/10.2.1/
  77              		.file 8 "/home/love/Documents/gcc-arm-none-eabi-10-2020-q4-major/arm-none-eabi/include/c++/10.2.1/
  78              		.file 9 "/home/love/Documents/gcc-arm-none-eabi-10-2020-q4-major/arm-none-eabi/include/c++/10.2.1/
  79              		.file 10 "/home/love/Documents/gcc-arm-none-eabi-10-2020-q4-major/arm-none-eabi/include/c++/10.2.1
  80              		.file 11 "/home/love/Documents/gcc-arm-none-eabi-10-2020-q4-major/arm-none-eabi/include/c++/10.2.1
  81              		.file 12 "/home/love/Documents/gcc-arm-none-eabi-10-2020-q4-major/arm-none-eabi/include/c++/10.2.1
  82              		.file 13 "/home/love/Documents/gcc-arm-none-eabi-10-2020-q4-major/arm-none-eabi/include/c++/10.2.1
  83              		.file 14 "/home/love/Documents/gcc-arm-none-eabi-10-2020-q4-major/arm-none-eabi/include/c++/10.2.1
  84              		.file 15 "/home/love/Documents/gcc-arm-none-eabi-10-2020-q4-major/arm-none-eabi/include/c++/10.2.1
  85              		.file 16 "/home/love/Documents/gcc-arm-none-eabi-10-2020-q4-major/arm-none-eabi/include/c++/10.2.1
  86              		.file 17 "/home/love/Documents/gcc-arm-none-eabi-10-2020-q4-major/arm-none-eabi/include/c++/10.2.1
  87              		.file 18 "/home/love/Documents/gcc-arm-none-eabi-10-2020-q4-major/arm-none-eabi/include/c++/10.2.1
  88              		.file 19 "/home/love/Documents/gcc-arm-none-eabi-10-2020-q4-major/arm-none-eabi/include/c++/10.2.1
  89              		.file 20 "/home/love/Documents/gcc-arm-none-eabi-10-2020-q4-major/arm-none-eabi/include/sys/_types
  90              		.file 21 "/home/love/Documents/gcc-arm-none-eabi-10-2020-q4-major/arm-none-eabi/include/sys/reent.
  91              		.file 22 "/home/love/Documents/gcc-arm-none-eabi-10-2020-q4-major/arm-none-eabi/include/sys/lock.h
  92              		.file 23 "/home/love/Documents/gcc-arm-none-eabi-10-2020-q4-major/arm-none-eabi/include/math.h"
  93              		.file 24 "/home/love/Documents/gcc-arm-none-eabi-10-2020-q4-major/arm-none-eabi/include/stdlib.h"
  94              		.file 25 "/home/love/Documents/gcc-arm-none-eabi-10-2020-q4-major/arm-none-eabi/include/c++/10.2.1
  95              		.file 26 "/home/love/Documents/gcc-arm-none-eabi-10-2020-q4-major/lib/gcc/arm-none-eabi/10.2.1/inc
  96              		.file 27 "/home/love/Documents/gcc-arm-none-eabi-10-2020-q4-major/arm-none-eabi/include/wchar.h"
  97              		.file 28 "Core/Inc/utils/linalg.h"
  98              		.file 29 "Core/Inc/actuator/arm.h"
  99              		.file 30 "Core/Inc/actuator/rotatory_wheel.h"
 100              		.file 31 "Core/Inc/devs/uart_communication.h"
 101              		.file 32 "<built-in>"
 102              		.file 33 "Core/Inc/actuator/motor.h"
ARM GAS  /tmp/ccLoV4x4.s 			page 3


ARM GAS  /tmp/ccLoV4x4.s 			page 4


DEFINED SYMBOLS
                            *ABS*:0000000000000000 robot_operation.cpp
     /tmp/ccLoV4x4.s:18     .text._Z9robo_playv:0000000000000000 $t
     /tmp/ccLoV4x4.s:26     .text._Z9robo_playv:0000000000000000 _Z9robo_playv
     /tmp/ccLoV4x4.s:64     .text._Z9robo_playv:0000000000000018 $d

UNDEFINED SYMBOLS
_Z18communication_initv
_Z13parse_joyDatav
_ZN14rotation_wheel14start_commandsEv
_ZN3arm14start_commandsEv
rotation_wheel_
arm_
