ARM GAS  /tmp/ccOMhqtX.s 			page 1


   1              		.cpu cortex-m4
   2              		.eabi_attribute 27, 1
   3              		.eabi_attribute 28, 1
   4              		.eabi_attribute 20, 1
   5              		.eabi_attribute 21, 1
   6              		.eabi_attribute 23, 3
   7              		.eabi_attribute 24, 1
   8              		.eabi_attribute 25, 1
   9              		.eabi_attribute 26, 1
  10              		.eabi_attribute 30, 1
  11              		.eabi_attribute 34, 1
  12              		.eabi_attribute 18, 4
  13              		.file	"stm32f4xx_it.c"
  14              		.text
  15              	.Ltext0:
  16              		.cfi_sections	.debug_frame
  17              		.section	.text.NMI_Handler,"ax",%progbits
  18              		.align	1
  19              		.global	NMI_Handler
  20              		.arch armv7e-m
  21              		.syntax unified
  22              		.thumb
  23              		.thumb_func
  24              		.fpu fpv4-sp-d16
  26              	NMI_Handler:
  27              	.LFB135:
  28              		.file 1 "Core/Src/sys/stm32f4xx_it.c"
   1:Core/Src/sys/stm32f4xx_it.c **** /* USER CODE BEGIN Header */
   2:Core/Src/sys/stm32f4xx_it.c **** /**
   3:Core/Src/sys/stm32f4xx_it.c ****   ******************************************************************************
   4:Core/Src/sys/stm32f4xx_it.c ****   * @file    stm32f4xx_it.c
   5:Core/Src/sys/stm32f4xx_it.c ****   * @brief   Interrupt Service Routines.
   6:Core/Src/sys/stm32f4xx_it.c ****   ******************************************************************************
   7:Core/Src/sys/stm32f4xx_it.c ****   * @attention
   8:Core/Src/sys/stm32f4xx_it.c ****   *
   9:Core/Src/sys/stm32f4xx_it.c ****   * <h2><center>&copy; Copyright (c) 2020 STMicroelectronics.
  10:Core/Src/sys/stm32f4xx_it.c ****   * All rights reserved.</center></h2>
  11:Core/Src/sys/stm32f4xx_it.c ****   *
  12:Core/Src/sys/stm32f4xx_it.c ****   * This software component is licensed by ST under Ultimate Liberty license
  13:Core/Src/sys/stm32f4xx_it.c ****   * SLA0044, the "License"; You may not use this file except in compliance with
  14:Core/Src/sys/stm32f4xx_it.c ****   * the License. You may obtain a copy of the License at:
  15:Core/Src/sys/stm32f4xx_it.c ****   *                             www.st.com/SLA0044
  16:Core/Src/sys/stm32f4xx_it.c ****   *
  17:Core/Src/sys/stm32f4xx_it.c ****   ******************************************************************************
  18:Core/Src/sys/stm32f4xx_it.c ****   */
  19:Core/Src/sys/stm32f4xx_it.c **** /* USER CODE END Header */
  20:Core/Src/sys/stm32f4xx_it.c **** 
  21:Core/Src/sys/stm32f4xx_it.c **** /* Includes ------------------------------------------------------------------*/
  22:Core/Src/sys/stm32f4xx_it.c **** #include "main.h"
  23:Core/Src/sys/stm32f4xx_it.c **** #include "stm32f4xx_it.h"
  24:Core/Src/sys/stm32f4xx_it.c **** #include "FreeRTOS.h"
  25:Core/Src/sys/stm32f4xx_it.c **** #include "task.h"
  26:Core/Src/sys/stm32f4xx_it.c **** /* Private includes ----------------------------------------------------------*/
  27:Core/Src/sys/stm32f4xx_it.c **** /* USER CODE BEGIN Includes */
  28:Core/Src/sys/stm32f4xx_it.c **** /* USER CODE END Includes */
  29:Core/Src/sys/stm32f4xx_it.c **** 
  30:Core/Src/sys/stm32f4xx_it.c **** /* Private typedef -----------------------------------------------------------*/
ARM GAS  /tmp/ccOMhqtX.s 			page 2


  31:Core/Src/sys/stm32f4xx_it.c **** /* USER CODE BEGIN TD */
  32:Core/Src/sys/stm32f4xx_it.c **** 
  33:Core/Src/sys/stm32f4xx_it.c **** /* USER CODE END TD */
  34:Core/Src/sys/stm32f4xx_it.c **** 
  35:Core/Src/sys/stm32f4xx_it.c **** /* Private define ------------------------------------------------------------*/
  36:Core/Src/sys/stm32f4xx_it.c **** /* USER CODE BEGIN PD */
  37:Core/Src/sys/stm32f4xx_it.c ****  
  38:Core/Src/sys/stm32f4xx_it.c **** /* USER CODE END PD */
  39:Core/Src/sys/stm32f4xx_it.c **** 
  40:Core/Src/sys/stm32f4xx_it.c **** /* Private macro -------------------------------------------------------------*/
  41:Core/Src/sys/stm32f4xx_it.c **** /* USER CODE BEGIN PM */
  42:Core/Src/sys/stm32f4xx_it.c **** 
  43:Core/Src/sys/stm32f4xx_it.c **** /* USER CODE END PM */
  44:Core/Src/sys/stm32f4xx_it.c **** 
  45:Core/Src/sys/stm32f4xx_it.c **** /* Private variables ---------------------------------------------------------*/
  46:Core/Src/sys/stm32f4xx_it.c **** /* USER CODE BEGIN PV */
  47:Core/Src/sys/stm32f4xx_it.c **** 
  48:Core/Src/sys/stm32f4xx_it.c **** /* USER CODE END PV */
  49:Core/Src/sys/stm32f4xx_it.c **** 
  50:Core/Src/sys/stm32f4xx_it.c **** /* Private function prototypes -----------------------------------------------*/
  51:Core/Src/sys/stm32f4xx_it.c **** /* USER CODE BEGIN PFP */
  52:Core/Src/sys/stm32f4xx_it.c **** 
  53:Core/Src/sys/stm32f4xx_it.c **** /* USER CODE END PFP */
  54:Core/Src/sys/stm32f4xx_it.c **** 
  55:Core/Src/sys/stm32f4xx_it.c **** /* Private user code ---------------------------------------------------------*/
  56:Core/Src/sys/stm32f4xx_it.c **** /* USER CODE BEGIN 0 */
  57:Core/Src/sys/stm32f4xx_it.c **** 
  58:Core/Src/sys/stm32f4xx_it.c **** /* USER CODE END 0 */
  59:Core/Src/sys/stm32f4xx_it.c **** 
  60:Core/Src/sys/stm32f4xx_it.c **** /* External variables --------------------------------------------------------*/
  61:Core/Src/sys/stm32f4xx_it.c **** extern TIM_HandleTypeDef htim5;
  62:Core/Src/sys/stm32f4xx_it.c **** extern DMA_HandleTypeDef hdma_usart2_rx;
  63:Core/Src/sys/stm32f4xx_it.c **** extern UART_HandleTypeDef huart2;
  64:Core/Src/sys/stm32f4xx_it.c **** extern DMA_HandleTypeDef hdma_uart4_tx;
  65:Core/Src/sys/stm32f4xx_it.c **** extern UART_HandleTypeDef huart4;
  66:Core/Src/sys/stm32f4xx_it.c **** 
  67:Core/Src/sys/stm32f4xx_it.c **** /* USER CODE BEGIN EV */
  68:Core/Src/sys/stm32f4xx_it.c **** 
  69:Core/Src/sys/stm32f4xx_it.c **** /* USER CODE END EV */
  70:Core/Src/sys/stm32f4xx_it.c **** 
  71:Core/Src/sys/stm32f4xx_it.c **** /******************************************************************************/
  72:Core/Src/sys/stm32f4xx_it.c **** /*           Cortex-M4 Processor Interruption and Exception Handlers          */ 
  73:Core/Src/sys/stm32f4xx_it.c **** /******************************************************************************/
  74:Core/Src/sys/stm32f4xx_it.c **** /**
  75:Core/Src/sys/stm32f4xx_it.c ****   * @brief This function handles Non maskable interrupt.
  76:Core/Src/sys/stm32f4xx_it.c ****   */
  77:Core/Src/sys/stm32f4xx_it.c **** void NMI_Handler(void)
  78:Core/Src/sys/stm32f4xx_it.c **** {
  29              		.loc 1 78 1 view -0
  30              		.cfi_startproc
  31              		@ args = 0, pretend = 0, frame = 0
  32              		@ frame_needed = 0, uses_anonymous_args = 0
  33              		@ link register save eliminated.
  79:Core/Src/sys/stm32f4xx_it.c ****   /* USER CODE BEGIN NonMaskableInt_IRQn 0 */
  80:Core/Src/sys/stm32f4xx_it.c **** 
  81:Core/Src/sys/stm32f4xx_it.c ****   /* USER CODE END NonMaskableInt_IRQn 0 */
  82:Core/Src/sys/stm32f4xx_it.c ****   /* USER CODE BEGIN NonMaskableInt_IRQn 1 */
ARM GAS  /tmp/ccOMhqtX.s 			page 3


  83:Core/Src/sys/stm32f4xx_it.c **** 
  84:Core/Src/sys/stm32f4xx_it.c ****   /* USER CODE END NonMaskableInt_IRQn 1 */
  85:Core/Src/sys/stm32f4xx_it.c **** }
  34              		.loc 1 85 1 view .LVU1
  35 0000 7047     		bx	lr
  36              		.cfi_endproc
  37              	.LFE135:
  39              		.section	.text.HardFault_Handler,"ax",%progbits
  40              		.align	1
  41              		.global	HardFault_Handler
  42              		.syntax unified
  43              		.thumb
  44              		.thumb_func
  45              		.fpu fpv4-sp-d16
  47              	HardFault_Handler:
  48              	.LFB136:
  86:Core/Src/sys/stm32f4xx_it.c **** 
  87:Core/Src/sys/stm32f4xx_it.c **** /**
  88:Core/Src/sys/stm32f4xx_it.c ****   * @brief This function handles Hard fault interrupt.
  89:Core/Src/sys/stm32f4xx_it.c ****   */
  90:Core/Src/sys/stm32f4xx_it.c **** void HardFault_Handler(void)
  91:Core/Src/sys/stm32f4xx_it.c **** {
  49              		.loc 1 91 1 view -0
  50              		.cfi_startproc
  51              		@ Volatile: function does not return.
  52              		@ args = 0, pretend = 0, frame = 0
  53              		@ frame_needed = 0, uses_anonymous_args = 0
  54              		@ link register save eliminated.
  55              	.L3:
  92:Core/Src/sys/stm32f4xx_it.c ****   /* USER CODE BEGIN HardFault_IRQn 0 */
  93:Core/Src/sys/stm32f4xx_it.c **** 
  94:Core/Src/sys/stm32f4xx_it.c ****   /* USER CODE END HardFault_IRQn 0 */
  95:Core/Src/sys/stm32f4xx_it.c ****   while (1)
  56              		.loc 1 95 3 discriminator 1 view .LVU3
  96:Core/Src/sys/stm32f4xx_it.c ****   {
  97:Core/Src/sys/stm32f4xx_it.c ****     /* USER CODE BEGIN W1_HardFault_IRQn 0 */
  98:Core/Src/sys/stm32f4xx_it.c ****     /* USER CODE END W1_HardFault_IRQn 0 */
  99:Core/Src/sys/stm32f4xx_it.c ****   }
  57              		.loc 1 99 3 discriminator 1 view .LVU4
  95:Core/Src/sys/stm32f4xx_it.c ****   {
  58              		.loc 1 95 9 discriminator 1 view .LVU5
  59 0000 FEE7     		b	.L3
  60              		.cfi_endproc
  61              	.LFE136:
  63              		.section	.text.MemManage_Handler,"ax",%progbits
  64              		.align	1
  65              		.global	MemManage_Handler
  66              		.syntax unified
  67              		.thumb
  68              		.thumb_func
  69              		.fpu fpv4-sp-d16
  71              	MemManage_Handler:
  72              	.LFB137:
 100:Core/Src/sys/stm32f4xx_it.c **** }
 101:Core/Src/sys/stm32f4xx_it.c **** 
 102:Core/Src/sys/stm32f4xx_it.c **** /**
 103:Core/Src/sys/stm32f4xx_it.c ****   * @brief This function handles Memory management fault.
ARM GAS  /tmp/ccOMhqtX.s 			page 4


 104:Core/Src/sys/stm32f4xx_it.c ****   */
 105:Core/Src/sys/stm32f4xx_it.c **** void MemManage_Handler(void)
 106:Core/Src/sys/stm32f4xx_it.c **** {
  73              		.loc 1 106 1 view -0
  74              		.cfi_startproc
  75              		@ Volatile: function does not return.
  76              		@ args = 0, pretend = 0, frame = 0
  77              		@ frame_needed = 0, uses_anonymous_args = 0
  78              		@ link register save eliminated.
  79              	.L5:
 107:Core/Src/sys/stm32f4xx_it.c ****   /* USER CODE BEGIN MemoryManagement_IRQn 0 */
 108:Core/Src/sys/stm32f4xx_it.c **** 
 109:Core/Src/sys/stm32f4xx_it.c ****   /* USER CODE END MemoryManagement_IRQn 0 */
 110:Core/Src/sys/stm32f4xx_it.c ****   while (1)
  80              		.loc 1 110 3 discriminator 1 view .LVU7
 111:Core/Src/sys/stm32f4xx_it.c ****   {
 112:Core/Src/sys/stm32f4xx_it.c ****     /* USER CODE BEGIN W1_MemoryManagement_IRQn 0 */
 113:Core/Src/sys/stm32f4xx_it.c ****     /* USER CODE END W1_MemoryManagement_IRQn 0 */
 114:Core/Src/sys/stm32f4xx_it.c ****   }
  81              		.loc 1 114 3 discriminator 1 view .LVU8
 110:Core/Src/sys/stm32f4xx_it.c ****   {
  82              		.loc 1 110 9 discriminator 1 view .LVU9
  83 0000 FEE7     		b	.L5
  84              		.cfi_endproc
  85              	.LFE137:
  87              		.section	.text.BusFault_Handler,"ax",%progbits
  88              		.align	1
  89              		.global	BusFault_Handler
  90              		.syntax unified
  91              		.thumb
  92              		.thumb_func
  93              		.fpu fpv4-sp-d16
  95              	BusFault_Handler:
  96              	.LFB138:
 115:Core/Src/sys/stm32f4xx_it.c **** }
 116:Core/Src/sys/stm32f4xx_it.c **** 
 117:Core/Src/sys/stm32f4xx_it.c **** /**
 118:Core/Src/sys/stm32f4xx_it.c ****   * @brief This function handles Pre-fetch fault, memory access fault.
 119:Core/Src/sys/stm32f4xx_it.c ****   */
 120:Core/Src/sys/stm32f4xx_it.c **** void BusFault_Handler(void)
 121:Core/Src/sys/stm32f4xx_it.c **** {
  97              		.loc 1 121 1 view -0
  98              		.cfi_startproc
  99              		@ Volatile: function does not return.
 100              		@ args = 0, pretend = 0, frame = 0
 101              		@ frame_needed = 0, uses_anonymous_args = 0
 102              		@ link register save eliminated.
 103              	.L7:
 122:Core/Src/sys/stm32f4xx_it.c ****   /* USER CODE BEGIN BusFault_IRQn 0 */
 123:Core/Src/sys/stm32f4xx_it.c **** 
 124:Core/Src/sys/stm32f4xx_it.c ****   /* USER CODE END BusFault_IRQn 0 */
 125:Core/Src/sys/stm32f4xx_it.c ****   while (1)
 104              		.loc 1 125 3 discriminator 1 view .LVU11
 126:Core/Src/sys/stm32f4xx_it.c ****   {
 127:Core/Src/sys/stm32f4xx_it.c ****     /* USER CODE BEGIN W1_BusFault_IRQn 0 */
 128:Core/Src/sys/stm32f4xx_it.c ****     /* USER CODE END W1_BusFault_IRQn 0 */
 129:Core/Src/sys/stm32f4xx_it.c ****   }
ARM GAS  /tmp/ccOMhqtX.s 			page 5


 105              		.loc 1 129 3 discriminator 1 view .LVU12
 125:Core/Src/sys/stm32f4xx_it.c ****   {
 106              		.loc 1 125 9 discriminator 1 view .LVU13
 107 0000 FEE7     		b	.L7
 108              		.cfi_endproc
 109              	.LFE138:
 111              		.section	.text.UsageFault_Handler,"ax",%progbits
 112              		.align	1
 113              		.global	UsageFault_Handler
 114              		.syntax unified
 115              		.thumb
 116              		.thumb_func
 117              		.fpu fpv4-sp-d16
 119              	UsageFault_Handler:
 120              	.LFB139:
 130:Core/Src/sys/stm32f4xx_it.c **** }
 131:Core/Src/sys/stm32f4xx_it.c **** 
 132:Core/Src/sys/stm32f4xx_it.c **** /**
 133:Core/Src/sys/stm32f4xx_it.c ****   * @brief This function handles Undefined instruction or illegal state.
 134:Core/Src/sys/stm32f4xx_it.c ****   */
 135:Core/Src/sys/stm32f4xx_it.c **** void UsageFault_Handler(void)
 136:Core/Src/sys/stm32f4xx_it.c **** {
 121              		.loc 1 136 1 view -0
 122              		.cfi_startproc
 123              		@ Volatile: function does not return.
 124              		@ args = 0, pretend = 0, frame = 0
 125              		@ frame_needed = 0, uses_anonymous_args = 0
 126              		@ link register save eliminated.
 127              	.L9:
 137:Core/Src/sys/stm32f4xx_it.c ****   /* USER CODE BEGIN UsageFault_IRQn 0 */
 138:Core/Src/sys/stm32f4xx_it.c **** 
 139:Core/Src/sys/stm32f4xx_it.c ****   /* USER CODE END UsageFault_IRQn 0 */
 140:Core/Src/sys/stm32f4xx_it.c ****   while (1)
 128              		.loc 1 140 3 discriminator 1 view .LVU15
 141:Core/Src/sys/stm32f4xx_it.c ****   {
 142:Core/Src/sys/stm32f4xx_it.c ****     /* USER CODE BEGIN W1_UsageFault_IRQn 0 */
 143:Core/Src/sys/stm32f4xx_it.c ****     /* USER CODE END W1_UsageFault_IRQn 0 */
 144:Core/Src/sys/stm32f4xx_it.c ****   }
 129              		.loc 1 144 3 discriminator 1 view .LVU16
 140:Core/Src/sys/stm32f4xx_it.c ****   {
 130              		.loc 1 140 9 discriminator 1 view .LVU17
 131 0000 FEE7     		b	.L9
 132              		.cfi_endproc
 133              	.LFE139:
 135              		.section	.text.DebugMon_Handler,"ax",%progbits
 136              		.align	1
 137              		.global	DebugMon_Handler
 138              		.syntax unified
 139              		.thumb
 140              		.thumb_func
 141              		.fpu fpv4-sp-d16
 143              	DebugMon_Handler:
 144              	.LFB140:
 145:Core/Src/sys/stm32f4xx_it.c **** }
 146:Core/Src/sys/stm32f4xx_it.c **** 
 147:Core/Src/sys/stm32f4xx_it.c **** /**
 148:Core/Src/sys/stm32f4xx_it.c ****   * @brief This function handles Debug monitor.
ARM GAS  /tmp/ccOMhqtX.s 			page 6


 149:Core/Src/sys/stm32f4xx_it.c ****   */
 150:Core/Src/sys/stm32f4xx_it.c **** void DebugMon_Handler(void)
 151:Core/Src/sys/stm32f4xx_it.c **** {
 145              		.loc 1 151 1 view -0
 146              		.cfi_startproc
 147              		@ args = 0, pretend = 0, frame = 0
 148              		@ frame_needed = 0, uses_anonymous_args = 0
 149              		@ link register save eliminated.
 152:Core/Src/sys/stm32f4xx_it.c ****   /* USER CODE BEGIN DebugMonitor_IRQn 0 */
 153:Core/Src/sys/stm32f4xx_it.c **** 
 154:Core/Src/sys/stm32f4xx_it.c ****   /* USER CODE END DebugMonitor_IRQn 0 */
 155:Core/Src/sys/stm32f4xx_it.c ****   /* USER CODE BEGIN DebugMonitor_IRQn 1 */
 156:Core/Src/sys/stm32f4xx_it.c **** 
 157:Core/Src/sys/stm32f4xx_it.c ****   /* USER CODE END DebugMonitor_IRQn 1 */
 158:Core/Src/sys/stm32f4xx_it.c **** }
 150              		.loc 1 158 1 view .LVU19
 151 0000 7047     		bx	lr
 152              		.cfi_endproc
 153              	.LFE140:
 155              		.section	.text.TIM5_IRQHandler,"ax",%progbits
 156              		.align	1
 157              		.global	TIM5_IRQHandler
 158              		.syntax unified
 159              		.thumb
 160              		.thumb_func
 161              		.fpu fpv4-sp-d16
 163              	TIM5_IRQHandler:
 164              	.LFB141:
 159:Core/Src/sys/stm32f4xx_it.c **** 
 160:Core/Src/sys/stm32f4xx_it.c **** /******************************************************************************/
 161:Core/Src/sys/stm32f4xx_it.c **** /* STM32F4xx Peripheral Interrupt Handlers                                    */
 162:Core/Src/sys/stm32f4xx_it.c **** /* Add here the Interrupt Handlers for the used peripherals.                  */
 163:Core/Src/sys/stm32f4xx_it.c **** /* For the available peripheral interrupt handler names,                      */
 164:Core/Src/sys/stm32f4xx_it.c **** /* please refer to the startup file (startup_stm32f4xx.s).                    */
 165:Core/Src/sys/stm32f4xx_it.c **** /******************************************************************************/
 166:Core/Src/sys/stm32f4xx_it.c **** 
 167:Core/Src/sys/stm32f4xx_it.c **** /**
 168:Core/Src/sys/stm32f4xx_it.c ****   * @brief This function handles TIM5 global interrupt.
 169:Core/Src/sys/stm32f4xx_it.c ****   */
 170:Core/Src/sys/stm32f4xx_it.c **** void TIM5_IRQHandler(void)
 171:Core/Src/sys/stm32f4xx_it.c **** {
 165              		.loc 1 171 1 view -0
 166              		.cfi_startproc
 167              		@ args = 0, pretend = 0, frame = 0
 168              		@ frame_needed = 0, uses_anonymous_args = 0
 169 0000 08B5     		push	{r3, lr}
 170              	.LCFI0:
 171              		.cfi_def_cfa_offset 8
 172              		.cfi_offset 3, -8
 173              		.cfi_offset 14, -4
 172:Core/Src/sys/stm32f4xx_it.c ****   /* USER CODE BEGIN TIM5_IRQn 0 */
 173:Core/Src/sys/stm32f4xx_it.c **** 
 174:Core/Src/sys/stm32f4xx_it.c ****   /* USER CODE END TIM5_IRQn 0 */
 175:Core/Src/sys/stm32f4xx_it.c ****   HAL_TIM_IRQHandler(&htim5);
 174              		.loc 1 175 3 view .LVU21
 175 0002 0248     		ldr	r0, .L13
 176 0004 FFF7FEFF 		bl	HAL_TIM_IRQHandler
ARM GAS  /tmp/ccOMhqtX.s 			page 7


 177              	.LVL0:
 176:Core/Src/sys/stm32f4xx_it.c ****   /* USER CODE BEGIN TIM5_IRQn 1 */
 177:Core/Src/sys/stm32f4xx_it.c **** 
 178:Core/Src/sys/stm32f4xx_it.c ****   /* USER CODE END TIM5_IRQn 1 */
 179:Core/Src/sys/stm32f4xx_it.c **** }
 178              		.loc 1 179 1 is_stmt 0 view .LVU22
 179 0008 08BD     		pop	{r3, pc}
 180              	.L14:
 181 000a 00BF     		.align	2
 182              	.L13:
 183 000c 00000000 		.word	htim5
 184              		.cfi_endproc
 185              	.LFE141:
 187              		.section	.text.DMA1_Stream5_IRQHandler,"ax",%progbits
 188              		.align	1
 189              		.global	DMA1_Stream5_IRQHandler
 190              		.syntax unified
 191              		.thumb
 192              		.thumb_func
 193              		.fpu fpv4-sp-d16
 195              	DMA1_Stream5_IRQHandler:
 196              	.LFB142:
 180:Core/Src/sys/stm32f4xx_it.c **** void DMA1_Stream5_IRQHandler()
 181:Core/Src/sys/stm32f4xx_it.c **** {
 197              		.loc 1 181 1 is_stmt 1 view -0
 198              		.cfi_startproc
 199              		@ args = 0, pretend = 0, frame = 0
 200              		@ frame_needed = 0, uses_anonymous_args = 0
 201 0000 08B5     		push	{r3, lr}
 202              	.LCFI1:
 203              		.cfi_def_cfa_offset 8
 204              		.cfi_offset 3, -8
 205              		.cfi_offset 14, -4
 182:Core/Src/sys/stm32f4xx_it.c **** 
 183:Core/Src/sys/stm32f4xx_it.c **** HAL_DMA_IRQHandler(&hdma_usart2_rx);
 206              		.loc 1 183 1 view .LVU24
 207 0002 0248     		ldr	r0, .L17
 208 0004 FFF7FEFF 		bl	HAL_DMA_IRQHandler
 209              	.LVL1:
 184:Core/Src/sys/stm32f4xx_it.c **** 
 185:Core/Src/sys/stm32f4xx_it.c **** }
 210              		.loc 1 185 1 is_stmt 0 view .LVU25
 211 0008 08BD     		pop	{r3, pc}
 212              	.L18:
 213 000a 00BF     		.align	2
 214              	.L17:
 215 000c 00000000 		.word	hdma_usart2_rx
 216              		.cfi_endproc
 217              	.LFE142:
 219              		.section	.text.DMA1_Stream4_IRQHandler,"ax",%progbits
 220              		.align	1
 221              		.global	DMA1_Stream4_IRQHandler
 222              		.syntax unified
 223              		.thumb
 224              		.thumb_func
 225              		.fpu fpv4-sp-d16
 227              	DMA1_Stream4_IRQHandler:
ARM GAS  /tmp/ccOMhqtX.s 			page 8


 228              	.LFB143:
 186:Core/Src/sys/stm32f4xx_it.c **** /**
 187:Core/Src/sys/stm32f4xx_it.c ****   * @brief This function handles DMA1 stream4 global interrupt.
 188:Core/Src/sys/stm32f4xx_it.c ****   */
 189:Core/Src/sys/stm32f4xx_it.c **** void DMA1_Stream4_IRQHandler(void)
 190:Core/Src/sys/stm32f4xx_it.c **** {
 229              		.loc 1 190 1 is_stmt 1 view -0
 230              		.cfi_startproc
 231              		@ args = 0, pretend = 0, frame = 0
 232              		@ frame_needed = 0, uses_anonymous_args = 0
 233 0000 08B5     		push	{r3, lr}
 234              	.LCFI2:
 235              		.cfi_def_cfa_offset 8
 236              		.cfi_offset 3, -8
 237              		.cfi_offset 14, -4
 191:Core/Src/sys/stm32f4xx_it.c ****   /* USER CODE BEGIN DMA1_Stream4_IRQn 0 */
 192:Core/Src/sys/stm32f4xx_it.c **** 
 193:Core/Src/sys/stm32f4xx_it.c ****   /* USER CODE END DMA1_Stream4_IRQn 0 */
 194:Core/Src/sys/stm32f4xx_it.c ****   HAL_DMA_IRQHandler(&hdma_uart4_tx);
 238              		.loc 1 194 3 view .LVU27
 239 0002 0248     		ldr	r0, .L21
 240 0004 FFF7FEFF 		bl	HAL_DMA_IRQHandler
 241              	.LVL2:
 195:Core/Src/sys/stm32f4xx_it.c ****   /* USER CODE BEGIN DMA1_Stream4_IRQn 1 */
 196:Core/Src/sys/stm32f4xx_it.c **** 
 197:Core/Src/sys/stm32f4xx_it.c ****   /* USER CODE END DMA1_Stream4_IRQn 1 */
 198:Core/Src/sys/stm32f4xx_it.c **** }
 242              		.loc 1 198 1 is_stmt 0 view .LVU28
 243 0008 08BD     		pop	{r3, pc}
 244              	.L22:
 245 000a 00BF     		.align	2
 246              	.L21:
 247 000c 00000000 		.word	hdma_uart4_tx
 248              		.cfi_endproc
 249              	.LFE143:
 251              		.section	.text.USART2_IRQHandler,"ax",%progbits
 252              		.align	1
 253              		.global	USART2_IRQHandler
 254              		.syntax unified
 255              		.thumb
 256              		.thumb_func
 257              		.fpu fpv4-sp-d16
 259              	USART2_IRQHandler:
 260              	.LFB144:
 199:Core/Src/sys/stm32f4xx_it.c **** 
 200:Core/Src/sys/stm32f4xx_it.c **** void USART2_IRQHandler(void)
 201:Core/Src/sys/stm32f4xx_it.c **** {
 261              		.loc 1 201 1 is_stmt 1 view -0
 262              		.cfi_startproc
 263              		@ args = 0, pretend = 0, frame = 0
 264              		@ frame_needed = 0, uses_anonymous_args = 0
 265 0000 08B5     		push	{r3, lr}
 266              	.LCFI3:
 267              		.cfi_def_cfa_offset 8
 268              		.cfi_offset 3, -8
 269              		.cfi_offset 14, -4
 202:Core/Src/sys/stm32f4xx_it.c ****   /* USER CODE BEGIN USART2_IRQn 0 */
ARM GAS  /tmp/ccOMhqtX.s 			page 9


 203:Core/Src/sys/stm32f4xx_it.c **** 
 204:Core/Src/sys/stm32f4xx_it.c ****   /* USER CODE END USART2_IRQn 0 */
 205:Core/Src/sys/stm32f4xx_it.c ****   HAL_UART_IRQHandler(&huart2);
 270              		.loc 1 205 3 view .LVU30
 271 0002 0248     		ldr	r0, .L25
 272 0004 FFF7FEFF 		bl	HAL_UART_IRQHandler
 273              	.LVL3:
 206:Core/Src/sys/stm32f4xx_it.c ****   /* USER CODE BEGIN USART2_IRQn 1 */
 207:Core/Src/sys/stm32f4xx_it.c **** 
 208:Core/Src/sys/stm32f4xx_it.c ****   /* USER CODE END USART2_IRQn 1 */
 209:Core/Src/sys/stm32f4xx_it.c **** }
 274              		.loc 1 209 1 is_stmt 0 view .LVU31
 275 0008 08BD     		pop	{r3, pc}
 276              	.L26:
 277 000a 00BF     		.align	2
 278              	.L25:
 279 000c 00000000 		.word	huart2
 280              		.cfi_endproc
 281              	.LFE144:
 283              		.section	.text.UART4_IRQHandler,"ax",%progbits
 284              		.align	1
 285              		.global	UART4_IRQHandler
 286              		.syntax unified
 287              		.thumb
 288              		.thumb_func
 289              		.fpu fpv4-sp-d16
 291              	UART4_IRQHandler:
 292              	.LFB145:
 210:Core/Src/sys/stm32f4xx_it.c **** void UART4_IRQHandler(void)
 211:Core/Src/sys/stm32f4xx_it.c **** {
 293              		.loc 1 211 1 is_stmt 1 view -0
 294              		.cfi_startproc
 295              		@ args = 0, pretend = 0, frame = 0
 296              		@ frame_needed = 0, uses_anonymous_args = 0
 297 0000 08B5     		push	{r3, lr}
 298              	.LCFI4:
 299              		.cfi_def_cfa_offset 8
 300              		.cfi_offset 3, -8
 301              		.cfi_offset 14, -4
 212:Core/Src/sys/stm32f4xx_it.c ****   /* USER CODE BEGIN UART4_IRQn 0 */
 213:Core/Src/sys/stm32f4xx_it.c **** 
 214:Core/Src/sys/stm32f4xx_it.c ****   /* USER CODE END UART4_IRQn 0 */
 215:Core/Src/sys/stm32f4xx_it.c ****   HAL_UART_IRQHandler(&huart4);
 302              		.loc 1 215 3 view .LVU33
 303 0002 0248     		ldr	r0, .L29
 304 0004 FFF7FEFF 		bl	HAL_UART_IRQHandler
 305              	.LVL4:
 216:Core/Src/sys/stm32f4xx_it.c ****   /* USER CODE BEGIN UART4_IRQn 1 */
 217:Core/Src/sys/stm32f4xx_it.c **** 
 218:Core/Src/sys/stm32f4xx_it.c ****   /* USER CODE END UART4_IRQn 1 */
 219:Core/Src/sys/stm32f4xx_it.c **** }
 306              		.loc 1 219 1 is_stmt 0 view .LVU34
 307 0008 08BD     		pop	{r3, pc}
 308              	.L30:
 309 000a 00BF     		.align	2
 310              	.L29:
 311 000c 00000000 		.word	huart4
ARM GAS  /tmp/ccOMhqtX.s 			page 10


 312              		.cfi_endproc
 313              	.LFE145:
 315              		.text
 316              	.Letext0:
 317              		.file 2 "/home/love/Documents/gcc-arm-none-eabi-10-2020-q4-major/arm-none-eabi/include/machine/_de
 318              		.file 3 "/home/love/Documents/gcc-arm-none-eabi-10-2020-q4-major/arm-none-eabi/include/sys/_stdint
 319              		.file 4 "Drivers/CMSIS/Device/ST/STM32F4xx/Include/stm32f407xx.h"
 320              		.file 5 "Drivers/STM32F4xx_HAL_Driver/Inc/stm32f4xx_hal_def.h"
 321              		.file 6 "Drivers/STM32F4xx_HAL_Driver/Inc/stm32f4xx_hal_dma.h"
 322              		.file 7 "Drivers/STM32F4xx_HAL_Driver/Inc/stm32f4xx_hal_tim.h"
 323              		.file 8 "Drivers/STM32F4xx_HAL_Driver/Inc/stm32f4xx_hal_uart.h"
ARM GAS  /tmp/ccOMhqtX.s 			page 11


DEFINED SYMBOLS
                            *ABS*:0000000000000000 stm32f4xx_it.c
     /tmp/ccOMhqtX.s:18     .text.NMI_Handler:0000000000000000 $t
     /tmp/ccOMhqtX.s:26     .text.NMI_Handler:0000000000000000 NMI_Handler
     /tmp/ccOMhqtX.s:40     .text.HardFault_Handler:0000000000000000 $t
     /tmp/ccOMhqtX.s:47     .text.HardFault_Handler:0000000000000000 HardFault_Handler
     /tmp/ccOMhqtX.s:64     .text.MemManage_Handler:0000000000000000 $t
     /tmp/ccOMhqtX.s:71     .text.MemManage_Handler:0000000000000000 MemManage_Handler
     /tmp/ccOMhqtX.s:88     .text.BusFault_Handler:0000000000000000 $t
     /tmp/ccOMhqtX.s:95     .text.BusFault_Handler:0000000000000000 BusFault_Handler
     /tmp/ccOMhqtX.s:112    .text.UsageFault_Handler:0000000000000000 $t
     /tmp/ccOMhqtX.s:119    .text.UsageFault_Handler:0000000000000000 UsageFault_Handler
     /tmp/ccOMhqtX.s:136    .text.DebugMon_Handler:0000000000000000 $t
     /tmp/ccOMhqtX.s:143    .text.DebugMon_Handler:0000000000000000 DebugMon_Handler
     /tmp/ccOMhqtX.s:156    .text.TIM5_IRQHandler:0000000000000000 $t
     /tmp/ccOMhqtX.s:163    .text.TIM5_IRQHandler:0000000000000000 TIM5_IRQHandler
     /tmp/ccOMhqtX.s:183    .text.TIM5_IRQHandler:000000000000000c $d
     /tmp/ccOMhqtX.s:188    .text.DMA1_Stream5_IRQHandler:0000000000000000 $t
     /tmp/ccOMhqtX.s:195    .text.DMA1_Stream5_IRQHandler:0000000000000000 DMA1_Stream5_IRQHandler
     /tmp/ccOMhqtX.s:215    .text.DMA1_Stream5_IRQHandler:000000000000000c $d
     /tmp/ccOMhqtX.s:220    .text.DMA1_Stream4_IRQHandler:0000000000000000 $t
     /tmp/ccOMhqtX.s:227    .text.DMA1_Stream4_IRQHandler:0000000000000000 DMA1_Stream4_IRQHandler
     /tmp/ccOMhqtX.s:247    .text.DMA1_Stream4_IRQHandler:000000000000000c $d
     /tmp/ccOMhqtX.s:252    .text.USART2_IRQHandler:0000000000000000 $t
     /tmp/ccOMhqtX.s:259    .text.USART2_IRQHandler:0000000000000000 USART2_IRQHandler
     /tmp/ccOMhqtX.s:279    .text.USART2_IRQHandler:000000000000000c $d
     /tmp/ccOMhqtX.s:284    .text.UART4_IRQHandler:0000000000000000 $t
     /tmp/ccOMhqtX.s:291    .text.UART4_IRQHandler:0000000000000000 UART4_IRQHandler
     /tmp/ccOMhqtX.s:311    .text.UART4_IRQHandler:000000000000000c $d

UNDEFINED SYMBOLS
HAL_TIM_IRQHandler
htim5
HAL_DMA_IRQHandler
hdma_usart2_rx
hdma_uart4_tx
HAL_UART_IRQHandler
huart2
huart4
